<?xml version="1.0" encoding="UTF-8"?>
<!-- Generated by org.testng.reporters.JUnitReportReporter -->
<testsuite hostname="HASSEN-HP" failures="0" tests="9" name="com.TestCases.LandingPageTest" time="239.969" errors="0" timestamp="2022-08-21T22:28:36 EDT" skipped="0">
  <testcase classname="com.TestCases.LandingPageTest" name="verifyTitle" time="22.828"/>
  <system-out/>
  <testcase classname="com.TestCases.LandingPageTest" name="verifyCRMLogo" time="27.555"/>
  <system-out/>
  <testcase classname="com.TestCases.LandingPageTest" name="verifyUserName" time="18.579"/>
  <system-out/>
  <testcase classname="com.TestCases.LandingPageTest" name="verifyUserPassword" time="27.366"/>
  <system-out/>
  <testcase classname="com.TestCases.LandingPageTest" name="verifyLoginBtn" time="20.549"/>
  <system-out/>
  <testcase classname="com.TestCases.LandingPageTest" name="verifyMouseLink" time="22.483"/>
  <system-out/>
  <testcase classname="com.TestCases.LandingPageTest" name="verifyinteractionChatIcon" time="28.315"/>
  <system-out/>
  <testcase classname="com.TestCases.LandingPageTest" name="verifyBrokenlinks" time="30.932"/>
  <system-out/>
  <testcase classname="com.TestCases.LandingPageTest" name="verifyBrokenImages" time="41.362"/>
  <system-out/>
</testsuite> <!-- com.TestCases.LandingPageTest -->
