<?xml version="1.0" encoding="UTF-8"?>
<!-- Generated by org.testng.reporters.JUnitReportReporter -->
<testsuite hostname="HASSEN-HP" failures="0" tests="5" name="com.TestCases.LandingPageTest" time="113.528" errors="0" timestamp="2022-08-20T15:29:34 EDT" skipped="0">
  <testcase classname="com.TestCases.LandingPageTest" name="verifyTitle" time="21.444"/>
  <system-out/>
  <testcase classname="com.TestCases.LandingPageTest" name="verifyCRMLogo" time="21.910"/>
  <system-out/>
  <testcase classname="com.TestCases.LandingPageTest" name="verifyUserName" time="23.576"/>
  <system-out/>
  <testcase classname="com.TestCases.LandingPageTest" name="verifyUserPassword" time="21.431"/>
  <system-out/>
  <testcase classname="com.TestCases.LandingPageTest" name="verifyLoginBtn" time="25.167"/>
  <system-out/>
</testsuite> <!-- com.TestCases.LandingPageTest -->
