<?xml version="1.0" encoding="UTF-8"?>
<!-- Generated by org.testng.reporters.JUnitReportReporter -->
<testsuite hostname="HASSEN-HP" failures="0" tests="1" name="com.TestCases.FourTest" time="37.618" errors="0" timestamp="2022-08-21T20:14:43 EDT" skipped="0">
  <testcase classname="com.TestCases.FourTest" name="verifyBrokenlinks" time="37.618"/>
  <system-out/>
</testsuite> <!-- com.TestCases.FourTest -->
