<?xml version="1.0" encoding="UTF-8"?>
<!-- Generated by org.testng.reporters.JUnitReportReporter -->
<testsuite hostname="HASSEN-HP" failures="0" tests="3" name="com.TestCases.LoginPageTest" time="122.031" errors="0" timestamp="2022-08-17T21:34:51 EDT" skipped="0">
  <testcase classname="com.TestCases.LoginPageTest" name="loginPageTitleTest" time="29.309"/>
  <system-out/>
  <testcase classname="com.TestCases.LoginPageTest" name="CRMLogoImageTest" time="29.353"/>
  <system-out/>
  <testcase classname="com.TestCases.LoginPageTest" name="loginTest" time="63.369"/>
  <system-out/>
</testsuite> <!-- com.TestCases.LoginPageTest -->
