<?xml version="1.0" encoding="UTF-8"?>
<!-- Generated by org.testng.reporters.JUnitReportReporter -->
<testsuite hostname="HASSEN-HP" failures="0" tests="3" name="com.TestCases.LoginPageTest" time="114.384" errors="0" timestamp="2022-08-12T16:39:09 EDT" skipped="0">
  <testcase classname="com.TestCases.LoginPageTest" name="loginPageTitleTest" time="26.936"/>
  <system-out/>
  <testcase classname="com.TestCases.LoginPageTest" name="CRMLogoImageTest" time="27.623"/>
  <system-out/>
  <testcase classname="com.TestCases.LoginPageTest" name="loginTest" time="59.825"/>
  <system-out/>
</testsuite> <!-- com.TestCases.LoginPageTest -->
